01-15 14:32:50 com_github_MitjaNemec_PlaceFootprints.action_place_footprints 674:Plugin executed on: 'win32'
01-15 14:32:50 com_github_MitjaNemec_PlaceFootprints.action_place_footprints 675:Plugin executed with python version: '3.11.5 (main, Sep 17 2025, 01:04:48) [MSC v.1944 64 bit (AMD64)]'
01-15 14:32:50 com_github_MitjaNemec_PlaceFootprints.action_place_footprints 676:KiCad build version: 9.0.6
01-15 14:32:50 com_github_MitjaNemec_PlaceFootprints.action_place_footprints 677:Plugin version: 4.0.1
01-15 14:32:50 com_github_MitjaNemec_PlaceFootprints.action_place_footprints 678:Frame repr: <wx._core.Frame object at 0x0000025E8F2016C0>
01-15 14:32:50 com_github_MitjaNemec_PlaceFootprints.place_footprints 121:getting a list of all footprints on board
01-15 14:32:50 com_github_MitjaNemec_PlaceFootprints.place_footprints 156:Footprint G*** on root level
01-15 14:32:50 com_github_MitjaNemec_PlaceFootprints.place_footprints 156:Footprint G*** on root level
01-15 14:32:50 com_github_MitjaNemec_PlaceFootprints.place_footprints 156:Footprint G*** on root level
01-15 14:32:50 com_github_MitjaNemec_PlaceFootprints.place_footprints 156:Footprint G*** on root level
01-15 14:32:50 com_github_MitjaNemec_PlaceFootprints.place_footprints 156:Footprint G*** on root level
01-15 14:32:50 com_github_MitjaNemec_PlaceFootprints.place_footprints 156:Footprint G*** on root level
01-15 14:32:50 com_github_MitjaNemec_PlaceFootprints.place_footprints 156:Footprint G*** on root level
01-15 14:32:50 com_github_MitjaNemec_PlaceFootprints.place_footprints 156:Footprint G*** on root level
01-15 14:32:50 com_github_MitjaNemec_PlaceFootprints.place_footprints 156:Footprint G*** on root level
01-15 14:32:50 com_github_MitjaNemec_PlaceFootprints.place_footprints 156:Footprint G*** on root level
01-15 14:32:50 com_github_MitjaNemec_PlaceFootprints.place_footprints 156:Footprint G*** on root level
01-15 14:32:50 com_github_MitjaNemec_PlaceFootprints.place_footprints 156:Footprint G*** on root level
01-15 14:32:50 com_github_MitjaNemec_PlaceFootprints.place_footprints 156:Footprint G*** on root level
01-15 14:32:50 com_github_MitjaNemec_PlaceFootprints.place_footprints 156:Footprint G*** on root level
01-15 14:32:50 com_github_MitjaNemec_PlaceFootprints.place_footprints 156:Footprint G*** on root level
01-15 14:32:50 com_github_MitjaNemec_PlaceFootprints.place_footprints 156:Footprint G*** on root level
01-15 14:32:50 com_github_MitjaNemec_PlaceFootprints.place_footprints 156:Footprint G*** on root level
01-15 14:32:50 com_github_MitjaNemec_PlaceFootprints.place_footprints 156:Footprint G*** on root level
01-15 14:32:50 com_github_MitjaNemec_PlaceFootprints.place_footprints 156:Footprint G*** on root level
01-15 14:32:50 com_github_MitjaNemec_PlaceFootprints.place_footprints 156:Footprint G*** on root level
01-15 14:32:50 com_github_MitjaNemec_PlaceFootprints.place_footprints 156:Footprint G*** on root level
01-15 14:32:50 com_github_MitjaNemec_PlaceFootprints.place_footprints 156:Footprint G*** on root level
01-15 14:32:50 com_github_MitjaNemec_PlaceFootprints.place_footprints 156:Footprint G*** on root level
01-15 14:32:50 com_github_MitjaNemec_PlaceFootprints.place_footprints 156:Footprint G*** on root level
01-15 14:32:50 com_github_MitjaNemec_PlaceFootprints.place_footprints 156:Footprint G*** on root level
01-15 14:32:50 com_github_MitjaNemec_PlaceFootprints.place_footprints 156:Footprint G*** on root level
01-15 14:32:50 com_github_MitjaNemec_PlaceFootprints.place_footprints 156:Footprint G*** on root level
01-15 14:32:50 com_github_MitjaNemec_PlaceFootprints.place_footprints 156:Footprint G*** on root level
01-15 14:32:50 com_github_MitjaNemec_PlaceFootprints.place_footprints 156:Footprint G*** on root level
01-15 14:32:50 com_github_MitjaNemec_PlaceFootprints.place_footprints 156:Footprint G*** on root level
01-15 14:32:50 com_github_MitjaNemec_PlaceFootprints.place_footprints 156:Footprint G*** on root level
01-15 14:32:50 com_github_MitjaNemec_PlaceFootprints.place_footprints 156:Footprint G*** on root level
01-15 14:32:50 com_github_MitjaNemec_PlaceFootprints.place_footprints 156:Footprint G*** on root level
01-15 14:32:50 com_github_MitjaNemec_PlaceFootprints.place_footprints 156:Footprint G*** on root level
01-15 14:32:50 com_github_MitjaNemec_PlaceFootprints.place_footprints 156:Footprint G*** on root level
01-15 14:32:50 com_github_MitjaNemec_PlaceFootprints.place_footprints 156:Footprint G*** on root level
01-15 14:32:50 com_github_MitjaNemec_PlaceFootprints.place_footprints 156:Footprint G*** on root level
01-15 14:32:50 com_github_MitjaNemec_PlaceFootprints.place_footprints 156:Footprint G*** on root level
01-15 14:32:50 com_github_MitjaNemec_PlaceFootprints.place_footprints 156:Footprint G*** on root level
01-15 14:32:50 com_github_MitjaNemec_PlaceFootprints.place_footprints 156:Footprint G*** on root level
01-15 14:32:50 com_github_MitjaNemec_PlaceFootprints.place_footprints 156:Footprint G*** on root level
01-15 14:32:50 com_github_MitjaNemec_PlaceFootprints.place_footprints 156:Footprint G*** on root level
01-15 14:32:50 com_github_MitjaNemec_PlaceFootprints.place_footprints 156:Footprint G*** on root level
01-15 14:32:50 com_github_MitjaNemec_PlaceFootprints.place_footprints 156:Footprint G*** on root level
01-15 14:32:50 com_github_MitjaNemec_PlaceFootprints.place_footprints 156:Footprint G*** on root level
01-15 14:32:50 com_github_MitjaNemec_PlaceFootprints.action_place_footprints 717:Reference footprint='D18'
